CallKit/build/outputs/logs/manifest-merger-debug-report.txt
-- Merging decision tree log ---
manifest
ADDED from src\main\AndroidManifest.xml:1:1-56:12
INJECTED from src\main\AndroidManifest.xml:1:1-56:12
INJECTED from src\main\AndroidManifest.xml:1:1-56:12
INJECTED from src\main\AndroidManifest.xml:1:1-56:12
INJECTED from src\main\AndroidManifest.xml:1:1-56:12
INJECTED from src\main\AndroidManifest.xml:1:1-56:12
INJECTED from src\main\AndroidManifest.xml:1:1-56:12
	package
		ADDED from src\main\AndroidManifest.xml:2:5-30
		INJECTED from src\main\AndroidManifest.xml
		INJECTED from src\main\AndroidManifest.xml
	android:versionName
		INJECTED from src\main\AndroidManifest.xml
		ADDED from src\main\AndroidManifest.xml:1:1-56:12
		INJECTED from src\main\AndroidManifest.xml
	android:versionCode
		INJECTED from src\main\AndroidManifest.xml
		ADDED from src\main\AndroidManifest.xml:1:1-56:12
		INJECTED from src\main\AndroidManifest.xml
	xmlns:android
		ADDED from src\main\AndroidManifest.xml:1:11-69
uses-sdk
ADDED from src\main\AndroidManifest.xml:4:5-6:41
INJECTED from src\main\AndroidManifest.xml:4:5-6:41
INJECTED from src\main\AndroidManifest.xml:4:5-6:41
INJECTED from src\main\AndroidManifest.xml:4:5-6:41
INJECTED from src\main\AndroidManifest.xml:4:5-6:41
	android:targetSdkVersion
		ADDED from src\main\AndroidManifest.xml:6:9-38
		INJECTED from src\main\AndroidManifest.xml
		INJECTED from src\main\AndroidManifest.xml
	android:minSdkVersion
		ADDED from src\main\AndroidManifest.xml:5:9-35
		INJECTED from src\main\AndroidManifest.xml
		INJECTED from src\main\AndroidManifest.xml
uses-permission#android.permission.PROCESS_OUTGOING_CALLS
ADDED from src\main\AndroidManifest.xml:8:5-81
	android:name
		ADDED from src\main\AndroidManifest.xml:8:22-78
uses-permission#android.permission.INTERACT_ACROSS_USERS_FULL
ADDED from src\main\AndroidManifest.xml:9:5-85
	android:name
		ADDED from src\main\AndroidManifest.xml:9:22-82
uses-permission#android.permission.SYSTEM_ALERT_WINDOW
ADDED from src\main\AndroidManifest.xml:10:5-78
	android:name
		ADDED from src\main\AndroidManifest.xml:10:22-75
application
ADDED from src\main\AndroidManifest.xml:12:5-54:19
activity#io.rong.callkit.MultiVideoCallActivity
ADDED from src\main\AndroidManifest.xml:14:9-23:20
	android:screenOrientation
		ADDED from src\main\AndroidManifest.xml:17:13-49
	android:launchMode
		ADDED from src\main\AndroidManifest.xml:16:13-43
	android:windowSoftInputMode
		ADDED from src\main\AndroidManifest.xml:18:13-67
	android:name
		ADDED from src\main\AndroidManifest.xml:15:13-51
intent-filter#android.intent.category.DEFAULT+io.rong.intent.action.voip.MULTIVIDEO
ADDED from src\main\AndroidManifest.xml:19:13-22:29
action#io.rong.intent.action.voip.MULTIVIDEO
ADDED from src\main\AndroidManifest.xml:20:17-80
	android:name
		ADDED from src\main\AndroidManifest.xml:20:25-77
category#android.intent.category.DEFAULT
ADDED from src\main\AndroidManifest.xml:21:17-76
	android:name
		ADDED from src\main\AndroidManifest.xml:21:27-73
activity#io.rong.callkit.SingleCallActivity
ADDED from src\main\AndroidManifest.xml:25:9-38:20
	android:screenOrientation
		ADDED from src\main\AndroidManifest.xml:28:13-49
	android:launchMode
		ADDED from src\main\AndroidManifest.xml:27:13-43
	android:windowSoftInputMode
		ADDED from src\main\AndroidManifest.xml:29:13-67
	android:name
		ADDED from src\main\AndroidManifest.xml:26:13-47
intent-filter#android.intent.category.DEFAULT+io.rong.intent.action.voip.SINGLEVIDEO
ADDED from src\main\AndroidManifest.xml:30:13-33:29
action#io.rong.intent.action.voip.SINGLEVIDEO
ADDED from src\main\AndroidManifest.xml:31:17-81
	android:name
		ADDED from src\main\AndroidManifest.xml:31:25-78
intent-filter#android.intent.category.DEFAULT+io.rong.intent.action.voip.SINGLEAUDIO
ADDED from src\main\AndroidManifest.xml:34:13-37:29
action#io.rong.intent.action.voip.SINGLEAUDIO
ADDED from src\main\AndroidManifest.xml:35:17-81
	android:name
		ADDED from src\main\AndroidManifest.xml:35:25-78
activity#io.rong.callkit.MultiAudioCallActivity
ADDED from src\main\AndroidManifest.xml:39:9-48:20
	android:screenOrientation
		ADDED from src\main\AndroidManifest.xml:42:13-49
	android:launchMode
		ADDED from src\main\AndroidManifest.xml:41:13-43
	android:windowSoftInputMode
		ADDED from src\main\AndroidManifest.xml:43:13-67
	android:name
		ADDED from src\main\AndroidManifest.xml:40:13-51
intent-filter#android.intent.category.DEFAULT+io.rong.intent.action.voip.MULTIAUDIO
ADDED from src\main\AndroidManifest.xml:44:13-47:29
action#io.rong.intent.action.voip.MULTIAUDIO
ADDED from src\main\AndroidManifest.xml:45:17-80
	android:name
		ADDED from src\main\AndroidManifest.xml:45:25-77
activity#io.rong.callkit.CallSelectMemberActivity
ADDED from src\main\AndroidManifest.xml:50:9-62
	android:name
		ADDED from src\main\AndroidManifest.xml:50:19-59